\BOOKMARK [0][]{Title.0}{Title Page}{}% 1
\BOOKMARK [1][]{Agradecimentos.1}{Agradecimentos}{Title.0}% 2
\BOOKMARK [1][]{Resumo.1}{Resumo}{Title.0}% 3
\BOOKMARK [1][]{Abstract.1}{Abstract}{Title.0}% 4
\BOOKMARK [1][]{toc.1}{Sumário}{Title.0}% 5
\BOOKMARK [1][]{lof.1}{Lista de Figuras}{Title.0}% 6
\BOOKMARK [1][]{Lista de Siglas.1}{Lista de Siglas}{Title.0}% 7
\BOOKMARK [0][]{chapter.1}{1 Introdu\347\343o}{}% 8
\BOOKMARK [1][]{section.1.1}{1.1 Objetivos}{chapter.1}% 9
\BOOKMARK [1][]{section.1.2}{1.2 Justificativa}{chapter.1}% 10
\BOOKMARK [1][]{section.1.3}{1.3 Organiza\347\343o do documento}{chapter.1}% 11
\BOOKMARK [0][]{chapter.2}{2 Desenvolvimento}{}% 12
\BOOKMARK [1][]{section.2.1}{2.1 Desafio 1.0 - Simula\347\343o do ambiente externo do CIMATEC 4}{chapter.2}% 13
\BOOKMARK [1][]{section.2.2}{2.2 Desafio 2.0 - Entrega parcial: simula\347\343o do manipulador rob\363tico RAJA}{chapter.2}% 14
\BOOKMARK [1][]{section.2.3}{2.3 Desafio 2.2 - Entrega final do manipulador JeRoTIMON}{chapter.2}% 15
\BOOKMARK [1][]{section.2.4}{2.4 Desafio 2.5 - An\341lise estat\355stica R\046R do rob\364 Darwin-OP}{chapter.2}% 16
\BOOKMARK [1][]{section.2.5}{2.5 Desafio 3.0 - Curupira}{chapter.2}% 17
\BOOKMARK [1][]{section.2.6}{2.6 Estudo estat\355stico de DOE \(Design of Experiments\)}{chapter.2}% 18
\BOOKMARK [0][]{chapter.3}{3 Metodologia}{}% 19
\BOOKMARK [0][]{chapter.4}{4 Resultados}{}% 20
\BOOKMARK [1][]{section.4.1}{4.1 Resultado do Artigo RAJA: MANIPULADOR ROB\323TICO DE 5 DOF COM DETEC\307\303O VISUAL INTEGRADA}{chapter.4}% 21
\BOOKMARK [1][]{section.4.2}{4.2 Resultado do Artigo PERSPECTIVES ON AUTONOMOUS UNMANNED GROUND VEHICLES: A SURVEY}{chapter.4}% 22
\BOOKMARK [0][]{chapter.5}{5 Conclus\343o}{}% 23
\BOOKMARK [0][]{appendix.A}{A MANIPULADOR ROB\323TICO RAJA}{}% 24
\BOOKMARK [0][]{appendix.B}{B MANIPULADOR ROB\323TICO JEROTIMON}{}% 25
\BOOKMARK [0][]{appendix.C}{C Avalia\347\343o de medi\347\343o para o desafio 2.5}{}% 26
\BOOKMARK [0][]{appendix.D}{D SISTEMA PARA IDENTIFICA\307\303O E MANIPULA\307\303O DE OBJETOS EM AMBIENTES EXTERNOS UTILIZANDO PLATAFORMA M\323VEL}{}% 27
\BOOKMARK [0][]{appendix.E}{E Estudo estat\355stico - An\341lise de Regress\343o}{}% 28
\BOOKMARK [0][]{appendix.F}{F RAJA: MANIPULADOR ROB\323TICO DE 5 DOF COM DETE\307\303O VISUAL INTEGRADA}{}% 29
\BOOKMARK [0][]{appendix.G}{G Certificado de participa\347\343o no V SAPCT}{}% 30
\BOOKMARK [0][]{appendix.H}{H PERSPECTIVES ON AUTONOMOUS UNMANNED GROUND VEHICLES: A SURVEY}{}% 31
\BOOKMARK [0][]{appendix.I}{I Certificado de participa\347\343o no VI SIINTEC}{}% 32
